[19/Mar/2019:00:15:08 +0530] 0:0:0:0:0:0:0:1 "GET /hms/swagger-resources HTTP/1.1" 200 (411 ms)
[19/Mar/2019:00:15:08 +0530] 0:0:0:0:0:0:0:1 "GET /hms/v2/api-docs HTTP/1.1" 200 (143 ms)
[19/Mar/2019:00:15:08 +0530] 0:0:0:0:0:0:0:1 "GET /hms/swagger-resources/configuration/security HTTP/1.1" 200 (12 ms)
[19/Mar/2019:00:15:11 +0530] 0:0:0:0:0:0:0:1 "GET /hms/swagger-ui.html HTTP/1.1" 304 (52 ms)
[19/Mar/2019:00:15:11 +0530] 0:0:0:0:0:0:0:1 "GET /hms/webjars/springfox-swagger-ui/css/typography.css HTTP/1.1" 404 (96 ms)
[19/Mar/2019:00:15:11 +0530] 0:0:0:0:0:0:0:1 "GET /hms/swagger-resources/configuration/ui HTTP/1.1" 200 (32 ms)
[19/Mar/2019:00:15:11 +0530] 0:0:0:0:0:0:0:1 "GET /hms/swagger-resources HTTP/1.1" 200 (4 ms)
[19/Mar/2019:00:15:11 +0530] 0:0:0:0:0:0:0:1 "GET /hms/v2/api-docs HTTP/1.1" 200 (16 ms)
[19/Mar/2019:00:15:11 +0530] 0:0:0:0:0:0:0:1 "GET /hms/swagger-resources/configuration/security HTTP/1.1" 200 (12 ms)
[19/Mar/2019:00:15:11 +0530] 0:0:0:0:0:0:0:1 "GET /hms/webjars/springfox-swagger-ui/images/favicon-32x32.png HTTP/1.1" 200 (48 ms)
[19/Mar/2019:00:15:13 +0530] 0:0:0:0:0:0:0:1 "GET /hms/v2/api-docs HTTP/1.1" 200 (8 ms)
[19/Mar/2019:00:15:13 +0530] 0:0:0:0:0:0:0:1 "GET /hms/swagger-resources/configuration/security HTTP/1.1" 200 (4 ms)
[19/Mar/2019:00:15:19 +0530] 0:0:0:0:0:0:0:1 "GET /hms/v2/api-docs HTTP/1.1" 200 (4 ms)
[19/Mar/2019:00:15:19 +0530] 0:0:0:0:0:0:0:1 "GET /hms/swagger-resources/configuration/security HTTP/1.1" 200 (4 ms)
[19/Mar/2019:00:15:23 +0530] 0:0:0:0:0:0:0:1 "GET /hms/swagger-ui.html HTTP/1.1" 304 (8 ms)
[19/Mar/2019:00:15:23 +0530] 0:0:0:0:0:0:0:1 "GET /hms/webjars/springfox-swagger-ui/css/typography.css HTTP/1.1" 404 (12 ms)
[19/Mar/2019:00:15:23 +0530] 0:0:0:0:0:0:0:1 "GET /hms/swagger-resources/configuration/ui HTTP/1.1" 200 (8 ms)
[19/Mar/2019:00:15:23 +0530] 0:0:0:0:0:0:0:1 "GET /hms/swagger-resources HTTP/1.1" 200 (8 ms)
[19/Mar/2019:00:15:23 +0530] 0:0:0:0:0:0:0:1 "GET /hms/v2/api-docs HTTP/1.1" 200 (8 ms)
[19/Mar/2019:00:15:23 +0530] 0:0:0:0:0:0:0:1 "GET /hms/swagger-resources/configuration/security HTTP/1.1" 200 (4 ms)
[19/Mar/2019:00:15:40 +0530] 0:0:0:0:0:0:0:1 "GET /hms/api/test HTTP/1.1" 200 (8 ms)
[19/Mar/2019:00:15:42 +0530] 0:0:0:0:0:0:0:1 "GET /favicon.ico HTTP/1.1" 404 (12 ms)
[19/Mar/2019:00:15:53 +0530] 0:0:0:0:0:0:0:1 "GET /hms/swagger-ui.html HTTP/1.1" 304 (4 ms)
[19/Mar/2019:00:15:53 +0530] 0:0:0:0:0:0:0:1 "GET /hms/webjars/springfox-swagger-ui/css/typography.css HTTP/1.1" 404 (16 ms)
[19/Mar/2019:00:15:54 +0530] 0:0:0:0:0:0:0:1 "GET /hms/swagger-resources/configuration/ui HTTP/1.1" 200 (8 ms)
[19/Mar/2019:00:15:54 +0530] 0:0:0:0:0:0:0:1 "GET /hms/webjars/springfox-swagger-ui/images/favicon-32x32.png HTTP/1.1" 200 (12 ms)
[19/Mar/2019:00:15:54 +0530] 0:0:0:0:0:0:0:1 "GET /hms/swagger-resources HTTP/1.1" 200 (8 ms)
[19/Mar/2019:00:15:54 +0530] 0:0:0:0:0:0:0:1 "GET /hms/v2/api-docs HTTP/1.1" 200 (4 ms)
[19/Mar/2019:00:15:54 +0530] 0:0:0:0:0:0:0:1 "GET /hms/swagger-resources/configuration/security HTTP/1.1" 200 (8 ms)
[19/Mar/2019:00:17:30 +0530] 0:0:0:0:0:0:0:1 "GET /hms/swagger-ui.html HTTP/1.1" 304 (148 ms)
[19/Mar/2019:00:17:30 +0530] 0:0:0:0:0:0:0:1 "GET /hms/webjars/springfox-swagger-ui/css/typography.css HTTP/1.1" 404 (200 ms)
[19/Mar/2019:00:17:30 +0530] 0:0:0:0:0:0:0:1 "GET /hms/swagger-resources/configuration/ui HTTP/1.1" 200 (64 ms)
[19/Mar/2019:00:17:30 +0530] 0:0:0:0:0:0:0:1 "GET /hms/webjars/springfox-swagger-ui/images/favicon-32x32.png HTTP/1.1" 200 (16 ms)
[19/Mar/2019:00:17:30 +0530] 0:0:0:0:0:0:0:1 "GET /hms/swagger-resources HTTP/1.1" 200 (16 ms)
[19/Mar/2019:00:17:31 +0530] 0:0:0:0:0:0:0:1 "GET /hms/v2/api-docs HTTP/1.1" 200 (221 ms)
[19/Mar/2019:00:17:31 +0530] 0:0:0:0:0:0:0:1 "GET /hms/swagger-resources/configuration/security HTTP/1.1" 200 (12 ms)
[19/Mar/2019:00:17:48 +0530] 0:0:0:0:0:0:0:1 "GET /hms/webjars/springfox-swagger-ui/images/throbber.gif HTTP/1.1" 200 (8 ms)
[19/Mar/2019:00:18:58 +0530] 0:0:0:0:0:0:0:1 "POST /hms/api/reg HTTP/1.1" 400 (160 ms)
[19/Mar/2019:00:31:01 +0530] 0:0:0:0:0:0:0:1 "GET /hms/swagger-ui.html HTTP/1.1" 304 (11 ms)
[19/Mar/2019:00:31:02 +0530] 0:0:0:0:0:0:0:1 "GET /hms/webjars/springfox-swagger-ui/css/typography.css HTTP/1.1" 404 (15 ms)
[19/Mar/2019:00:31:02 +0530] 0:0:0:0:0:0:0:1 "GET /hms/swagger-resources/configuration/ui HTTP/1.1" 200 (7 ms)
[19/Mar/2019:00:31:02 +0530] 0:0:0:0:0:0:0:1 "GET /hms/swagger-resources HTTP/1.1" 200 (26 ms)
[19/Mar/2019:00:31:02 +0530] 0:0:0:0:0:0:0:1 "GET /hms/webjars/springfox-swagger-ui/images/favicon-32x32.png HTTP/1.1" 200 (18 ms)
[19/Mar/2019:00:31:02 +0530] 0:0:0:0:0:0:0:1 "GET /hms/v2/api-docs HTTP/1.1" 200 (13 ms)
[19/Mar/2019:00:31:02 +0530] 0:0:0:0:0:0:0:1 "GET /hms/swagger-resources/configuration/security HTTP/1.1" 200 (5 ms)
[19/Mar/2019:00:32:49 +0530] 0:0:0:0:0:0:0:1 "GET /hms/swagger-ui.html HTTP/1.1" 304 (172 ms)
[19/Mar/2019:00:32:50 +0530] 0:0:0:0:0:0:0:1 "GET /hms/webjars/springfox-swagger-ui/css/typography.css HTTP/1.1" 404 (224 ms)
[19/Mar/2019:00:32:50 +0530] 0:0:0:0:0:0:0:1 "GET /hms/webjars/springfox-swagger-ui/css/typography.css HTTP/1.1" 404 (17 ms)
[19/Mar/2019:00:32:51 +0530] 0:0:0:0:0:0:0:1 "GET /hms/swagger-resources/configuration/ui HTTP/1.1" 200 (77 ms)
[19/Mar/2019:00:32:51 +0530] 0:0:0:0:0:0:0:1 "GET /hms/webjars/springfox-swagger-ui/images/favicon-32x32.png HTTP/1.1" 200 (11 ms)
[19/Mar/2019:00:32:51 +0530] 0:0:0:0:0:0:0:1 "GET /hms/swagger-resources HTTP/1.1" 200 (14 ms)
[19/Mar/2019:00:32:51 +0530] 0:0:0:0:0:0:0:1 "GET /hms/v2/api-docs HTTP/1.1" 200 (222 ms)
[19/Mar/2019:00:32:51 +0530] 0:0:0:0:0:0:0:1 "GET /hms/swagger-resources/configuration/security HTTP/1.1" 200 (14 ms)
[19/Mar/2019:00:33:24 +0530] 0:0:0:0:0:0:0:1 "POST /hms/api/reg HTTP/1.1" 500 (279 ms)
[19/Mar/2019:00:36:53 +0530] 0:0:0:0:0:0:0:1 "POST /hms/api/reg HTTP/1.1" 500 (560 ms)
[19/Mar/2019:00:39:16 +0530] 0:0:0:0:0:0:0:1 "POST /hms/api/reg HTTP/1.1" 500 (607 ms)
[19/Mar/2019:00:41:20 +0530] 0:0:0:0:0:0:0:1 "POST /hms/api/reg HTTP/1.1" 500 (581 ms)
[19/Mar/2019:00:43:19 +0530] 0:0:0:0:0:0:0:1 "POST /hms/api/reg HTTP/1.1" 500 (685 ms)
[19/Mar/2019:01:52:10 +0530] 0:0:0:0:0:0:0:1 "GET /hms/swagger-ui.html HTTP/1.1" 304 (2302 ms)
[19/Mar/2019:01:52:16 +0530] 0:0:0:0:0:0:0:1 "GET /hms/webjars/springfox-swagger-ui/css/typography.css HTTP/1.1" 404 (3468 ms)
[19/Mar/2019:01:52:35 +0530] 0:0:0:0:0:0:0:1 "GET /hms/webjars/springfox-swagger-ui/css/typography.css HTTP/1.1" 404 (12 ms)
[19/Mar/2019:01:52:38 +0530] 0:0:0:0:0:0:0:1 "GET /hms/swagger-resources/configuration/ui HTTP/1.1" 200 (220 ms)
[19/Mar/2019:01:52:38 +0530] 0:0:0:0:0:0:0:1 "GET /hms/swagger-resources HTTP/1.1" 200 (16 ms)
[19/Mar/2019:01:52:38 +0530] 0:0:0:0:0:0:0:1 "GET /hms/webjars/springfox-swagger-ui/images/favicon-32x32.png HTTP/1.1" 200 (59 ms)
[19/Mar/2019:01:52:39 +0530] 0:0:0:0:0:0:0:1 "GET /hms/v2/api-docs HTTP/1.1" 200 (729 ms)
[19/Mar/2019:01:52:39 +0530] 0:0:0:0:0:0:0:1 "GET /hms/swagger-resources/configuration/security HTTP/1.1" 200 (10 ms)
[19/Mar/2019:01:53:50 +0530] 0:0:0:0:0:0:0:1 "POST /hms/api/reg HTTP/1.1" 500 (591 ms)
[19/Mar/2019:01:57:04 +0530] 0:0:0:0:0:0:0:1 "POST /hms/api/reg HTTP/1.1" 500 (748 ms)
[19/Mar/2019:02:02:26 +0530] 0:0:0:0:0:0:0:1 "POST /hms/api/reg HTTP/1.1" 500 (2208 ms)
[19/Mar/2019:02:08:57 +0530] 0:0:0:0:0:0:0:1 "POST /hms/api/reg HTTP/1.1" 500 (2284 ms)
[19/Mar/2019:02:15:55 +0530] 0:0:0:0:0:0:0:1 "POST /hms/api/reg HTTP/1.1" 500 (110 ms)
[19/Mar/2019:02:15:58 +0530] 0:0:0:0:0:0:0:1 "POST /hms/api/reg HTTP/1.1" 500 (168 ms)
[19/Mar/2019:02:18:47 +0530] 0:0:0:0:0:0:0:1 "POST /hms/api/reg HTTP/1.1" 200 (250 ms)
[19/Mar/2019:12:51:45 +0530] 0:0:0:0:0:0:0:1 "GET /hms/webjars/springfox-swagger-ui/css/typography.css HTTP/1.1" 404 (1238 ms)
[19/Mar/2019:12:51:47 +0530] 0:0:0:0:0:0:0:1 "GET /hms/swagger-resources/configuration/ui HTTP/1.1" 200 (81 ms)
[19/Mar/2019:12:51:48 +0530] 0:0:0:0:0:0:0:1 "GET /hms/swagger-resources HTTP/1.1" 200 (24 ms)
[19/Mar/2019:12:51:49 +0530] 0:0:0:0:0:0:0:1 "GET /hms/v2/api-docs HTTP/1.1" 200 (575 ms)
[19/Mar/2019:12:51:49 +0530] 0:0:0:0:0:0:0:1 "GET /hms/swagger-resources/configuration/security HTTP/1.1" 200 (15 ms)
[19/Mar/2019:12:53:01 +0530] 0:0:0:0:0:0:0:1 "POST /hms/api/reg HTTP/1.1" 500 (1018 ms)
[19/Mar/2019:12:58:40 +0530] 0:0:0:0:0:0:0:1 "POST /hms/api/reg HTTP/1.1" 200 (1152 ms)
[19/Mar/2019:13:01:12 +0530] 0:0:0:0:0:0:0:1 "POST /hms/api/reg HTTP/1.1" 200 (761 ms)
